Build started 7/20/2015 11:15:53 AM.
     1>Project "C:\cygwin64\home\htao\soap-client-cpp\soap-client-cpp.vcxproj" on node 2 (Rebuild target(s)).
     1>PreBuildEvent:
         mkdir "C:\cygwin64\home\htao\soap-client-cpp\x64\Debug\tpl"
         copy "C:\cygwin64\home\htao\soap-client-cpp\tpl\*" "C:\cygwin64\home\htao\soap-client-cpp\x64\Debug\tpl"
         :VCEnd
         A subdirectory or file C:\cygwin64\home\htao\soap-client-cpp\x64\Debug\tpl already exists.
         C:\cygwin64\home\htao\soap-client-cpp\tpl\get-csv
         C:\cygwin64\home\htao\soap-client-cpp\tpl\soap
         C:\cygwin64\home\htao\soap-client-cpp\tpl\tempconvert-test
                 3 file(s) copied.
       ClCompile:
         C:\Program Files (x86)\Microsoft Visual Studio 12.0\VC\bin\x86_amd64\CL.exe /c /I"C:\cygwin64\home\htao\Simple-Web-Server" /IC:\local\boost_1_57_0 /IC:\cygwin64\home\htao\plustache\include /I"C:\cygwin64\home\htao\soap-client-cpp\include" /Zi /nologo /W3 /WX- /sdl /Od /D _MBCS /Gm /EHsc /RTC1 /MDd /GS /fp:precise /Zc:wchar_t /Zc:forScope /Fo"x64\Debug\\" /Fd"x64\Debug\vc120.pdb" /Gd /TP /errorReport:prompt test.cpp
         test.cpp
         Please define _WIN32_WINNT or _WIN32_WINDOWS appropriately. For example:
         - add -D_WIN32_WINNT=0x0501 to the compiler command line; or
         - add _WIN32_WINNT=0x0501 to your project's Preprocessor Definitions.
         Assuming _WIN32_WINNT=0x0501 (i.e. Windows XP target).
       Lib:
         C:\Program Files (x86)\Microsoft Visual Studio 12.0\VC\bin\x86_amd64\Lib.exe /OUT:"C:\cygwin64\home\htao\soap-client-cpp\x64\Debug\soap-client-cpp.lib" /NOLOGO /MACHINE:X64 x64\Debug\test.obj
         soap-client-cpp.vcxproj -> C:\cygwin64\home\htao\soap-client-cpp\x64\Debug\soap-client-cpp.lib
       PostBuildEvent:
         mkdir "C:\cygwin64\home\htao\soap-client-cpp\dist"
         mkdir "C:\cygwin64\home\htao\soap-client-cpp\dist\Debug"
         mkdir "C:\cygwin64\home\htao\soap-client-cpp\dist\Debug\tpl"
         copy "C:\cygwin64\home\htao\soap-client-cpp\x64\Debug\*" "C:\cygwin64\home\htao\soap-client-cpp\dist\Debug"
         copy "C:\cygwin64\home\htao\soap-client-cpp\tpl\*" "C:\cygwin64\home\htao\soap-client-cpp\dist\Debug\tpl"
         copy "C:\cygwin64\home\htao\plustache\x64\Debug\plustache.lib" "C:\cygwin64\home\htao\soap-client-cpp\dist\Debug"
         :VCEnd
         A subdirectory or file C:\cygwin64\home\htao\soap-client-cpp\dist already exists.
         A subdirectory or file C:\cygwin64\home\htao\soap-client-cpp\dist\Debug already exists.
         C:\cygwin64\home\htao\soap-client-cpp\x64\Debug\soap-client-cpp.Build.CppClean.log
         C:\cygwin64\home\htao\soap-client-cpp\x64\Debug\soap-client-cpp.lib
